{
"contracts/token/modules/Beneficiary.sol":{"l":{"38":3,"39":2,"50":260,"65":5,"67":5},"path":"/Users/will/Code/721/partial-common-ownership/contracts/token/modules/Beneficiary.sol","s":{"1":3,"2":2,"3":260,"4":5,"5":5},"b":{"1":[2,1]},"f":{"1":3,"2":260,"3":5},"fnMap":{"1":{"name":"setBeneficiary","line":36,"loc":{"start":{"line":33,"column":2},"end":{"line":40,"column":2}}},"2":{"name":"beneficiaryOf","line":47,"loc":{"start":{"line":43,"column":2},"end":{"line":51,"column":2}}},"3":{"name":"_setBeneficiary","line":63,"loc":{"start":{"line":61,"column":2},"end":{"line":68,"column":2}}}},"statementMap":{"1":{"start":{"line":38,"column":4},"end":{"line":38,"column":78}},"2":{"start":{"line":39,"column":4},"end":{"line":39,"column":42}},"3":{"start":{"line":50,"column":4},"end":{"line":50,"column":35}},"4":{"start":{"line":65,"column":4},"end":{"line":65,"column":42}},"5":{"start":{"line":67,"column":4},"end":{"line":67,"column":54}}},"branchMap":{"1":{"line":38,"type":"if","locations":[{"start":{"line":38,"column":4},"end":{"line":38,"column":4}},{"start":{"line":38,"column":4},"end":{"line":38,"column":4}}]}}},
"contracts/token/modules/interfaces/IBeneficiary.sol":{"l":{},"path":"/Users/will/Code/721/partial-common-ownership/contracts/token/modules/interfaces/IBeneficiary.sol","s":{},"b":{},"f":{},"fnMap":{},"statementMap":{},"branchMap":{}},
"contracts/token/modules/interfaces/ILease.sol":{"l":{},"path":"/Users/will/Code/721/partial-common-ownership/contracts/token/modules/interfaces/ILease.sol","s":{},"b":{},"f":{},"fnMap":{},"statementMap":{},"branchMap":{}},
"contracts/token/modules/interfaces/IRemittance.sol":{"l":{},"path":"/Users/will/Code/721/partial-common-ownership/contracts/token/modules/interfaces/IRemittance.sol","s":{},"b":{},"f":{},"fnMap":{},"statementMap":{},"branchMap":{}},
"contracts/token/modules/interfaces/ITaxation.sol":{"l":{},"path":"/Users/will/Code/721/partial-common-ownership/contracts/token/modules/interfaces/ITaxation.sol","s":{},"b":{},"f":{},"fnMap":{},"statementMap":{},"branchMap":{}},
"contracts/token/modules/interfaces/IValuation.sol":{"l":{},"path":"/Users/will/Code/721/partial-common-ownership/contracts/token/modules/interfaces/IValuation.sol","s":{},"b":{},"f":{},"fnMap":{},"statementMap":{},"branchMap":{}},
"contracts/token/modules/Lease.sol":{"l":{"43":65,"45":65,"48":65,"55":64,"59":62,"64":61,"67":61,"69":61,"70":6,"72":4,"76":2,"81":55,"89":58,"92":56,"98":56,"100":56,"101":56,"104":56,"106":50,"112":50,"117":6,"126":56,"128":4,"131":47,"134":5,"138":56,"140":56,"142":56,"145":56,"155":4,"156":4,"157":3,"159":2},"path":"/Users/will/Code/721/partial-common-ownership/contracts/token/modules/Lease.sol","s":{"1":65,"2":65,"3":65,"4":64,"5":62,"6":61,"7":61,"8":61,"9":6,"10":4,"11":2,"12":55,"13":58,"14":56,"15":56,"16":56,"17":56,"18":56,"19":50,"20":50,"21":6,"22":56,"23":4,"24":52,"25":47,"26":5,"27":56,"28":56,"29":56,"30":56,"31":4,"32":4,"33":3,"34":2},"b":{"1":[65,0],"2":[64,1],"3":[62,2],"4":[61,1],"5":[6,55],"6":[4,2],"7":[3,1],"8":[1,1],"9":[54,1],"10":[56,2],"11":[50,6],"12":[4,52],"13":[47,5],"14":[3,1],"15":[2,1]},"f":{"1":65,"2":4},"fnMap":{"1":{"name":"takeoverLease","line":41,"loc":{"start":{"line":37,"column":2},"end":{"line":146,"column":2}}},"2":{"name":"selfAssess","line":153,"loc":{"start":{"line":149,"column":2},"end":{"line":160,"column":2}}}},"statementMap":{"1":{"start":{"line":43,"column":4},"end":{"line":43,"column":49}},"2":{"start":{"line":45,"column":4},"end":{"line":45,"column":65}},"3":{"start":{"line":48,"column":4},"end":{"line":48,"column":1339}},"4":{"start":{"line":55,"column":4},"end":{"line":55,"column":61}},"5":{"start":{"line":59,"column":4},"end":{"line":59,"column":1861}},"6":{"start":{"line":64,"column":4},"end":{"line":64,"column":68}},"7":{"start":{"line":67,"column":4},"end":{"line":67,"column":44}},"8":{"start":{"line":69,"column":4},"end":{"line":69,"column":2240}},"9":{"start":{"line":70,"column":6},"end":{"line":70,"column":2275}},"10":{"start":{"line":72,"column":8},"end":{"line":72,"column":52}},"11":{"start":{"line":76,"column":8},"end":{"line":76,"column":76}},"12":{"start":{"line":81,"column":6},"end":{"line":81,"column":2811}},"13":{"start":{"line":89,"column":4},"end":{"line":89,"column":69}},"14":{"start":{"line":92,"column":4},"end":{"line":92,"column":27}},"15":{"start":{"line":98,"column":4},"end":{"line":98,"column":23}},"16":{"start":{"line":100,"column":4},"end":{"line":100,"column":52}},"17":{"start":{"line":101,"column":4},"end":{"line":101,"column":70}},"18":{"start":{"line":104,"column":4},"end":{"line":104,"column":3678}},"19":{"start":{"line":106,"column":6},"end":{"line":106,"column":37}},"20":{"start":{"line":112,"column":6},"end":{"line":112,"column":54}},"21":{"start":{"line":117,"column":6},"end":{"line":117,"column":4279}},"22":{"start":{"line":126,"column":4},"end":{"line":126,"column":4539}},"23":{"start":{"line":128,"column":6},"end":{"line":128,"column":29}},"24":{"start":{"line":129,"column":11},"end":{"line":129,"column":4679}},"25":{"start":{"line":131,"column":6},"end":{"line":131,"column":37}},"26":{"start":{"line":134,"column":6},"end":{"line":134,"column":57}},"27":{"start":{"line":138,"column":4},"end":{"line":138,"column":41}},"28":{"start":{"line":140,"column":4},"end":{"line":140,"column":56}},"29":{"start":{"line":142,"column":4},"end":{"line":142,"column":62}},"30":{"start":{"line":145,"column":4},"end":{"line":145,"column":28}},"31":{"start":{"line":155,"column":4},"end":{"line":155,"column":52}},"32":{"start":{"line":156,"column":4},"end":{"line":156,"column":61}},"33":{"start":{"line":157,"column":4},"end":{"line":157,"column":77}},"34":{"start":{"line":159,"column":4},"end":{"line":159,"column":41}}},"branchMap":{"1":{"line":43,"type":"if","locations":[{"start":{"line":43,"column":4},"end":{"line":43,"column":4}},{"start":{"line":43,"column":4},"end":{"line":43,"column":4}}]},"2":{"line":48,"type":"if","locations":[{"start":{"line":48,"column":4},"end":{"line":48,"column":4}},{"start":{"line":48,"column":4},"end":{"line":48,"column":4}}]},"3":{"line":55,"type":"if","locations":[{"start":{"line":55,"column":4},"end":{"line":55,"column":4}},{"start":{"line":55,"column":4},"end":{"line":55,"column":4}}]},"4":{"line":59,"type":"if","locations":[{"start":{"line":59,"column":4},"end":{"line":59,"column":4}},{"start":{"line":59,"column":4},"end":{"line":59,"column":4}}]},"5":{"line":69,"type":"if","locations":[{"start":{"line":69,"column":4},"end":{"line":69,"column":4}},{"start":{"line":69,"column":4},"end":{"line":69,"column":4}}]},"6":{"line":70,"type":"if","locations":[{"start":{"line":70,"column":6},"end":{"line":70,"column":6}},{"start":{"line":70,"column":6},"end":{"line":70,"column":6}}]},"7":{"line":72,"type":"if","locations":[{"start":{"line":72,"column":8},"end":{"line":72,"column":8}},{"start":{"line":72,"column":8},"end":{"line":72,"column":8}}]},"8":{"line":76,"type":"if","locations":[{"start":{"line":76,"column":8},"end":{"line":76,"column":8}},{"start":{"line":76,"column":8},"end":{"line":76,"column":8}}]},"9":{"line":81,"type":"if","locations":[{"start":{"line":81,"column":6},"end":{"line":81,"column":6}},{"start":{"line":81,"column":6},"end":{"line":81,"column":6}}]},"10":{"line":89,"type":"if","locations":[{"start":{"line":89,"column":4},"end":{"line":89,"column":4}},{"start":{"line":89,"column":4},"end":{"line":89,"column":4}}]},"11":{"line":104,"type":"if","locations":[{"start":{"line":104,"column":4},"end":{"line":104,"column":4}},{"start":{"line":104,"column":4},"end":{"line":104,"column":4}}]},"12":{"line":126,"type":"if","locations":[{"start":{"line":126,"column":4},"end":{"line":126,"column":4}},{"start":{"line":126,"column":4},"end":{"line":126,"column":4}}]},"13":{"line":129,"type":"if","locations":[{"start":{"line":129,"column":11},"end":{"line":129,"column":11}},{"start":{"line":129,"column":11},"end":{"line":129,"column":11}}]},"14":{"line":156,"type":"if","locations":[{"start":{"line":156,"column":4},"end":{"line":156,"column":4}},{"start":{"line":156,"column":4},"end":{"line":156,"column":4}}]},"15":{"line":157,"type":"if","locations":[{"start":{"line":157,"column":4},"end":{"line":157,"column":4}},{"start":{"line":157,"column":4},"end":{"line":157,"column":4}}]}}},
"contracts/token/modules/Remittance.sol":{"l":{"50":2,"52":2,"54":1,"56":1,"75":40,"79":40,"80":39,"83":1,"84":1},"path":"/Users/will/Code/721/partial-common-ownership/contracts/token/modules/Remittance.sol","s":{"1":2,"2":2,"3":1,"4":1,"5":40,"6":40,"7":39,"8":1,"9":1},"b":{"1":[1,1],"2":[39,1]},"f":{"1":2,"2":40},"fnMap":{"1":{"name":"withdrawOutstandingRemittance","line":49,"loc":{"start":{"line":49,"column":2},"end":{"line":57,"column":2}}},"2":{"name":"_remit","line":70,"loc":{"start":{"line":70,"column":2},"end":{"line":87,"column":2}}}},"statementMap":{"1":{"start":{"line":50,"column":4},"end":{"line":50,"column":60}},"2":{"start":{"line":52,"column":4},"end":{"line":52,"column":56}},"3":{"start":{"line":54,"column":4},"end":{"line":54,"column":41}},"4":{"start":{"line":56,"column":4},"end":{"line":56,"column":76}},"5":{"start":{"line":75,"column":4},"end":{"line":75,"column":58}},"6":{"start":{"line":79,"column":4},"end":{"line":79,"column":2757}},"7":{"start":{"line":80,"column":6},"end":{"line":80,"column":59}},"8":{"start":{"line":83,"column":6},"end":{"line":83,"column":54}},"9":{"start":{"line":84,"column":6},"end":{"line":84,"column":47}}},"branchMap":{"1":{"line":52,"type":"if","locations":[{"start":{"line":52,"column":4},"end":{"line":52,"column":4}},{"start":{"line":52,"column":4},"end":{"line":52,"column":4}}]},"2":{"line":79,"type":"if","locations":[{"start":{"line":79,"column":4},"end":{"line":79,"column":4}},{"start":{"line":79,"column":4},"end":{"line":79,"column":4}}]}}},
"contracts/token/modules/Taxation.sol":{"l":{"72":11,"73":11,"84":79,"87":79,"90":32,"94":32,"98":31,"99":7,"101":7,"103":24,"107":31,"108":31,"109":31,"114":31,"117":31,"119":31,"130":1,"140":2,"150":1,"165":47,"176":181,"187":180,"198":177,"199":177,"211":5,"221":131,"232":337,"242":16,"243":5,"245":11,"251":106,"252":106,"253":64,"255":42,"266":14,"267":14,"268":14,"270":10,"274":2,"277":2,"290":33,"292":8,"295":8,"297":8,"299":8,"309":3,"312":3,"314":2,"315":2,"317":2,"319":2,"321":2,"334":98,"344":81,"355":3,"366":3,"373":140,"386":163,"388":161,"389":161,"404":9,"405":9,"406":9},"path":"/Users/will/Code/721/partial-common-ownership/contracts/token/modules/Taxation.sol","s":{"1":11,"2":79,"3":79,"4":47,"5":32,"6":32,"7":1,"8":31,"9":7,"10":7,"11":24,"12":31,"13":31,"14":31,"15":31,"16":31,"17":31,"18":1,"19":2,"20":1,"21":47,"22":181,"23":180,"24":177,"25":177,"26":5,"27":131,"28":337,"29":16,"30":5,"31":11,"32":106,"33":106,"34":64,"35":42,"36":14,"37":14,"38":14,"39":10,"40":4,"41":2,"42":2,"43":33,"44":8,"45":8,"46":8,"47":8,"48":3,"49":0,"50":3,"51":2,"52":2,"53":2,"54":2,"55":2,"56":98,"57":81,"58":3,"59":3,"60":140,"61":163,"62":2,"63":161,"64":161,"65":9,"66":9,"67":9},"b":{"1":[47,32],"2":[1,31],"3":[7,24],"4":[5,11],"5":[64,42],"6":[10,4],"7":[2,2],"8":[8,25],"9":[0,3],"10":[2,1],"11":[2,0],"12":[2,161]},"f":{"1":11,"2":79,"3":1,"4":2,"5":1,"6":47,"7":181,"8":180,"9":177,"10":5,"11":131,"12":337,"13":16,"14":106,"15":14,"16":33,"17":3,"18":98,"19":81,"20":3,"21":3,"22":140,"23":163,"24":9},"fnMap":{"1":{"name":"_collectTax","line":71,"loc":{"start":{"line":71,"column":2},"end":{"line":74,"column":2}}},"2":{"name":"collectTax","line":83,"loc":{"start":{"line":83,"column":2},"end":{"line":120,"column":2}}},"3":{"name":"deposit","line":128,"loc":{"start":{"line":123,"column":2},"end":{"line":131,"column":2}}},"4":{"name":"withdrawDeposit","line":138,"loc":{"start":{"line":134,"column":2},"end":{"line":141,"column":2}}},"5":{"name":"exit","line":148,"loc":{"start":{"line":144,"column":2},"end":{"line":151,"column":2}}},"6":{"name":"taxCollectedSinceLastTransferOf","line":162,"loc":{"start":{"line":158,"column":2},"end":{"line":166,"column":2}}},"7":{"name":"taxRateOf","line":173,"loc":{"start":{"line":169,"column":2},"end":{"line":177,"column":2}}},"8":{"name":"collectionFrequencyOf","line":184,"loc":{"start":{"line":180,"column":2},"end":{"line":188,"column":2}}},"9":{"name":"taxOwedSince","line":195,"loc":{"start":{"line":191,"column":2},"end":{"line":202,"column":2}}},"10":{"name":"taxOwed","line":205,"loc":{"start":{"line":205,"column":2},"end":{"line":212,"column":2}}},"11":{"name":"lastCollectionTimeOf","line":215,"loc":{"start":{"line":215,"column":2},"end":{"line":222,"column":2}}},"12":{"name":"depositOf","line":229,"loc":{"start":{"line":225,"column":2},"end":{"line":233,"column":2}}},"13":{"name":"withdrawableDeposit","line":236,"loc":{"start":{"line":236,"column":2},"end":{"line":247,"column":2}}},"14":{"name":"foreclosed","line":250,"loc":{"start":{"line":250,"column":2},"end":{"line":257,"column":2}}},"15":{"name":"foreclosureTime","line":260,"loc":{"start":{"line":260,"column":2},"end":{"line":279,"column":2}}},"16":{"name":"_forecloseIfNecessary","line":287,"loc":{"start":{"line":287,"column":2},"end":{"line":301,"column":2}}},"17":{"name":"_withdrawDeposit","line":307,"loc":{"start":{"line":307,"column":2},"end":{"line":322,"column":2}}},"18":{"name":"_setTaxCollectedSinceLastTransfer","line":331,"loc":{"start":{"line":331,"column":2},"end":{"line":335,"column":2}}},"19":{"name":"_setLastCollectionTime","line":342,"loc":{"start":{"line":340,"column":2},"end":{"line":345,"column":2}}},"20":{"name":"_setTaxRate","line":353,"loc":{"start":{"line":351,"column":2},"end":{"line":356,"column":2}}},"21":{"name":"_setCollectionFrequency","line":364,"loc":{"start":{"line":362,"column":2},"end":{"line":367,"column":2}}},"22":{"name":"_setDeposit","line":372,"loc":{"start":{"line":372,"column":2},"end":{"line":374,"column":2}}},"23":{"name":"_taxOwed","line":383,"loc":{"start":{"line":383,"column":2},"end":{"line":390,"column":2}}},"24":{"name":"_backdatedForeclosureTime","line":399,"loc":{"start":{"line":399,"column":2},"end":{"line":407,"column":2}}}},"statementMap":{"1":{"start":{"line":72,"column":4},"end":{"line":72,"column":23}},"2":{"start":{"line":84,"column":4},"end":{"line":84,"column":45}},"3":{"start":{"line":87,"column":4},"end":{"line":87,"column":30}},"4":{"start":{"line":87,"column":24},"end":{"line":87,"column":30}},"5":{"start":{"line":90,"column":4},"end":{"line":90,"column":37}},"6":{"start":{"line":94,"column":4},"end":{"line":94,"column":25}},"7":{"start":{"line":94,"column":19},"end":{"line":94,"column":25}},"8":{"start":{"line":98,"column":4},"end":{"line":98,"column":3420}},"9":{"start":{"line":99,"column":6},"end":{"line":99,"column":74}},"10":{"start":{"line":101,"column":6},"end":{"line":101,"column":31}},"11":{"start":{"line":103,"column":6},"end":{"line":103,"column":54}},"12":{"start":{"line":107,"column":4},"end":{"line":107,"column":52}},"13":{"start":{"line":108,"column":4},"end":{"line":108,"column":38}},"14":{"start":{"line":109,"column":4},"end":{"line":109,"column":3809}},"15":{"start":{"line":114,"column":4},"end":{"line":114,"column":38}},"16":{"start":{"line":117,"column":4},"end":{"line":117,"column":74}},"17":{"start":{"line":119,"column":4},"end":{"line":119,"column":34}},"18":{"start":{"line":130,"column":4},"end":{"line":130,"column":57}},"19":{"start":{"line":140,"column":4},"end":{"line":140,"column":35}},"20":{"start":{"line":150,"column":4},"end":{"line":150,"column":50}},"21":{"start":{"line":165,"column":4},"end":{"line":165,"column":51}},"22":{"start":{"line":176,"column":4},"end":{"line":176,"column":35}},"23":{"start":{"line":187,"column":4},"end":{"line":187,"column":43}},"24":{"start":{"line":198,"column":4},"end":{"line":198,"column":45}},"25":{"start":{"line":199,"column":4},"end":{"line":199,"column":5853}},"26":{"start":{"line":211,"column":4},"end":{"line":211,"column":48}},"27":{"start":{"line":221,"column":4},"end":{"line":221,"column":41}},"28":{"start":{"line":232,"column":4},"end":{"line":232,"column":30}},"29":{"start":{"line":242,"column":4},"end":{"line":242,"column":6711}},"30":{"start":{"line":243,"column":6},"end":{"line":243,"column":14}},"31":{"start":{"line":245,"column":6},"end":{"line":245,"column":53}},"32":{"start":{"line":251,"column":4},"end":{"line":251,"column":37}},"33":{"start":{"line":252,"column":4},"end":{"line":252,"column":6993}},"34":{"start":{"line":253,"column":6},"end":{"line":253,"column":17}},"35":{"start":{"line":255,"column":6},"end":{"line":255,"column":18}},"36":{"start":{"line":266,"column":4},"end":{"line":266,"column":52}},"37":{"start":{"line":267,"column":4},"end":{"line":267,"column":56}},"38":{"start":{"line":268,"column":4},"end":{"line":268,"column":7354}},"39":{"start":{"line":270,"column":6},"end":{"line":270,"column":58}},"40":{"start":{"line":271,"column":11},"end":{"line":271,"column":7520}},"41":{"start":{"line":274,"column":6},"end":{"line":274,"column":48}},"42":{"start":{"line":277,"column":6},"end":{"line":277,"column":43}},"43":{"start":{"line":290,"column":4},"end":{"line":290,"column":8281}},"44":{"start":{"line":292,"column":6},"end":{"line":292,"column":31}},"45":{"start":{"line":295,"column":6},"end":{"line":295,"column":46}},"46":{"start":{"line":297,"column":6},"end":{"line":297,"column":53}},"47":{"start":{"line":299,"column":6},"end":{"line":299,"column":49}},"48":{"start":{"line":309,"column":4},"end":{"line":309,"column":25}},"49":{"start":{"line":309,"column":19},"end":{"line":309,"column":25}},"50":{"start":{"line":312,"column":4},"end":{"line":312,"column":78}},"51":{"start":{"line":314,"column":4},"end":{"line":314,"column":44}},"52":{"start":{"line":315,"column":4},"end":{"line":315,"column":76}},"53":{"start":{"line":317,"column":4},"end":{"line":317,"column":52}},"54":{"start":{"line":319,"column":4},"end":{"line":319,"column":66}},"55":{"start":{"line":321,"column":4},"end":{"line":321,"column":34}},"56":{"start":{"line":334,"column":4},"end":{"line":334,"column":53}},"57":{"start":{"line":344,"column":4},"end":{"line":344,"column":51}},"58":{"start":{"line":355,"column":4},"end":{"line":355,"column":35}},"59":{"start":{"line":366,"column":4},"end":{"line":366,"column":52}},"60":{"start":{"line":373,"column":4},"end":{"line":373,"column":32}},"61":{"start":{"line":386,"column":4},"end":{"line":386,"column":62}},"62":{"start":{"line":386,"column":54},"end":{"line":386,"column":62}},"63":{"start":{"line":388,"column":4},"end":{"line":388,"column":74}},"64":{"start":{"line":389,"column":4},"end":{"line":389,"column":46}},"65":{"start":{"line":404,"column":4},"end":{"line":404,"column":49}},"66":{"start":{"line":405,"column":4},"end":{"line":405,"column":48}},"67":{"start":{"line":406,"column":4},"end":{"line":406,"column":76}}},"branchMap":{"1":{"line":87,"type":"if","locations":[{"start":{"line":87,"column":4},"end":{"line":87,"column":4}},{"start":{"line":87,"column":4},"end":{"line":87,"column":4}}]},"2":{"line":94,"type":"if","locations":[{"start":{"line":94,"column":4},"end":{"line":94,"column":4}},{"start":{"line":94,"column":4},"end":{"line":94,"column":4}}]},"3":{"line":98,"type":"if","locations":[{"start":{"line":98,"column":4},"end":{"line":98,"column":4}},{"start":{"line":98,"column":4},"end":{"line":98,"column":4}}]},"4":{"line":242,"type":"if","locations":[{"start":{"line":242,"column":4},"end":{"line":242,"column":4}},{"start":{"line":242,"column":4},"end":{"line":242,"column":4}}]},"5":{"line":252,"type":"if","locations":[{"start":{"line":252,"column":4},"end":{"line":252,"column":4}},{"start":{"line":252,"column":4},"end":{"line":252,"column":4}}]},"6":{"line":268,"type":"if","locations":[{"start":{"line":268,"column":4},"end":{"line":268,"column":4}},{"start":{"line":268,"column":4},"end":{"line":268,"column":4}}]},"7":{"line":271,"type":"if","locations":[{"start":{"line":271,"column":11},"end":{"line":271,"column":11}},{"start":{"line":271,"column":11},"end":{"line":271,"column":11}}]},"8":{"line":290,"type":"if","locations":[{"start":{"line":290,"column":4},"end":{"line":290,"column":4}},{"start":{"line":290,"column":4},"end":{"line":290,"column":4}}]},"9":{"line":309,"type":"if","locations":[{"start":{"line":309,"column":4},"end":{"line":309,"column":4}},{"start":{"line":309,"column":4},"end":{"line":309,"column":4}}]},"10":{"line":312,"type":"if","locations":[{"start":{"line":312,"column":4},"end":{"line":312,"column":4}},{"start":{"line":312,"column":4},"end":{"line":312,"column":4}}]},"11":{"line":315,"type":"if","locations":[{"start":{"line":315,"column":4},"end":{"line":315,"column":4}},{"start":{"line":315,"column":4},"end":{"line":315,"column":4}}]},"12":{"line":386,"type":"if","locations":[{"start":{"line":386,"column":4},"end":{"line":386,"column":4}},{"start":{"line":386,"column":4},"end":{"line":386,"column":4}}]}}},
"contracts/token/modules/TokenManagement.sol":{"l":{"15":16,"16":16,"17":8,"23":1737,"24":1731},"path":"/Users/will/Code/721/partial-common-ownership/contracts/token/modules/TokenManagement.sol","s":{"1":16,"2":16,"3":1737},"b":{"1":[8,8],"2":[1731,6]},"f":{"1":16,"2":1737},"fnMap":{"1":{"name":"_onlyOwner","line":14,"loc":{"start":{"line":14,"column":2},"end":{"line":18,"column":2}}},"2":{"name":"_tokenMinted","line":22,"loc":{"start":{"line":22,"column":2},"end":{"line":25,"column":2}}}},"statementMap":{"1":{"start":{"line":15,"column":4},"end":{"line":15,"column":37}},"2":{"start":{"line":16,"column":4},"end":{"line":16,"column":65}},"3":{"start":{"line":23,"column":4},"end":{"line":23,"column":60}}},"branchMap":{"1":{"line":16,"type":"if","locations":[{"start":{"line":16,"column":4},"end":{"line":16,"column":4}},{"start":{"line":16,"column":4},"end":{"line":16,"column":4}}]},"2":{"line":23,"type":"if","locations":[{"start":{"line":23,"column":4},"end":{"line":23,"column":4}},{"start":{"line":23,"column":4},"end":{"line":23,"column":4}}]}}},
"contracts/token/modules/Valuation.sol":{"l":{"37":389,"48":66,"50":66},"path":"/Users/will/Code/721/partial-common-ownership/contracts/token/modules/Valuation.sol","s":{"1":389,"2":66,"3":66},"b":{},"f":{"1":389,"2":66},"fnMap":{"1":{"name":"valuationOf","line":34,"loc":{"start":{"line":30,"column":2},"end":{"line":38,"column":2}}},"2":{"name":"_setValuation","line":47,"loc":{"start":{"line":47,"column":2},"end":{"line":51,"column":2}}}},"statementMap":{"1":{"start":{"line":37,"column":4},"end":{"line":37,"column":32}},"2":{"start":{"line":48,"column":4},"end":{"line":48,"column":37}},"3":{"start":{"line":50,"column":4},"end":{"line":50,"column":43}}},"branchMap":{}},
"contracts/token/PartialCommonOwnership.sol":{"l":{"52":1,"67":2,"91":0,"92":0,"93":0,"94":0,"95":0,"96":0,"103":0,"106":0,"109":0,"110":0,"111":0,"112":0,"113":0,"125":67,"126":67},"path":"/Users/will/Code/721/partial-common-ownership/contracts/token/PartialCommonOwnership.sol","s":{"1":1,"2":2,"3":0,"4":0,"5":0,"6":0,"7":0,"8":0,"9":0,"10":0,"11":67,"12":67},"b":{},"f":{"1":2,"2":1,"3":2,"4":0,"5":0,"6":67},"fnMap":{"1":{"name":"constructor","line":35,"loc":{"start":{"line":34,"column":2},"end":{"line":36,"column":3}}},"2":{"name":"transferFrom","line":51,"loc":{"start":{"line":47,"column":2},"end":{"line":53,"column":2}}},"3":{"name":"safeTransferFrom","line":66,"loc":{"start":{"line":61,"column":2},"end":{"line":68,"column":2}}},"4":{"name":"_mint","line":82,"loc":{"start":{"line":82,"column":2},"end":{"line":97,"column":2}}},"5":{"name":"_burn","line":101,"loc":{"start":{"line":101,"column":2},"end":{"line":114,"column":2}}},"6":{"name":"_transfer","line":120,"loc":{"start":{"line":120,"column":2},"end":{"line":127,"column":2}}}},"statementMap":{"1":{"start":{"line":52,"column":4},"end":{"line":52,"column":44}},"2":{"start":{"line":67,"column":4},"end":{"line":67,"column":55}},"3":{"start":{"line":91,"column":4},"end":{"line":91,"column":38}},"4":{"start":{"line":92,"column":4},"end":{"line":92,"column":34}},"5":{"start":{"line":93,"column":4},"end":{"line":93,"column":38}},"6":{"start":{"line":94,"column":4},"end":{"line":94,"column":42}},"7":{"start":{"line":95,"column":4},"end":{"line":95,"column":34}},"8":{"start":{"line":96,"column":4},"end":{"line":96,"column":58}},"9":{"start":{"line":103,"column":4},"end":{"line":103,"column":50}},"10":{"start":{"line":106,"column":4},"end":{"line":106,"column":25}},"11":{"start":{"line":125,"column":4},"end":{"line":125,"column":41}},"12":{"start":{"line":126,"column":4},"end":{"line":126,"column":49}}},"branchMap":{}},
"contracts/Wrapper.sol":{"l":{"80":0,"81":0,"82":0,"83":0,"85":0,"87":0,"89":0,"91":0,"95":0,"97":0,"98":0,"104":0,"114":0,"122":0,"124":0,"127":0,"130":0,"133":0,"136":0,"137":0,"149":0,"154":0,"155":0,"156":0,"176":0,"181":0,"196":0},"path":"/Users/will/Code/721/partial-common-ownership/contracts/Wrapper.sol","s":{"1":0,"2":0,"3":0,"4":0,"5":0,"6":0,"7":0,"8":0,"9":0,"10":0,"11":0,"12":0,"13":0,"14":0,"15":0,"16":0,"17":0,"18":0,"19":0,"20":0,"21":0,"22":0,"23":0,"24":0,"25":0,"26":0},"b":{"1":[0,0],"2":[0,0],"3":[0,0],"4":[0,0],"5":[0,0],"6":[0,0],"7":[0,0],"8":[0,0],"9":[0,0],"10":[0,0]},"f":{"1":1,"2":0,"3":0,"4":0,"5":0,"6":0},"fnMap":{"1":{"name":"constructor","line":53,"loc":{"start":{"line":53,"column":2},"end":{"line":53,"column":79}}},"2":{"name":"wrap","line":71,"loc":{"start":{"line":71,"column":2},"end":{"line":115,"column":2}}},"3":{"name":"unwrap","line":121,"loc":{"start":{"line":121,"column":2},"end":{"line":138,"column":2}}},"4":{"name":"tokenURI","line":143,"loc":{"start":{"line":143,"column":2},"end":{"line":157,"column":2}}},"5":{"name":"onERC721Received","line":168,"loc":{"start":{"line":168,"column":2},"end":{"line":182,"column":2}}},"6":{"name":"wrappedTokenId","line":191,"loc":{"start":{"line":191,"column":2},"end":{"line":197,"column":2}}}},"statementMap":{"1":{"start":{"line":80,"column":4},"end":{"line":80,"column":51}},"2":{"start":{"line":81,"column":4},"end":{"line":81,"column":76}},"3":{"start":{"line":82,"column":4},"end":{"line":82,"column":48}},"4":{"start":{"line":83,"column":4},"end":{"line":83,"column":65}},"5":{"start":{"line":85,"column":4},"end":{"line":85,"column":58}},"6":{"start":{"line":87,"column":4},"end":{"line":87,"column":3054}},"7":{"start":{"line":89,"column":6},"end":{"line":89,"column":51}},"8":{"start":{"line":91,"column":6},"end":{"line":91,"column":47}},"9":{"start":{"line":95,"column":4},"end":{"line":95,"column":70}},"10":{"start":{"line":97,"column":4},"end":{"line":97,"column":77}},"11":{"start":{"line":98,"column":4},"end":{"line":98,"column":3501}},"12":{"start":{"line":104,"column":4},"end":{"line":104,"column":3669}},"13":{"start":{"line":114,"column":4},"end":{"line":114,"column":74}},"14":{"start":{"line":122,"column":4},"end":{"line":122,"column":58}},"15":{"start":{"line":124,"column":4},"end":{"line":124,"column":71}},"16":{"start":{"line":127,"column":4},"end":{"line":127,"column":37}},"17":{"start":{"line":133,"column":4},"end":{"line":133,"column":18}},"18":{"start":{"line":136,"column":4},"end":{"line":136,"column":58}},"19":{"start":{"line":137,"column":4},"end":{"line":137,"column":70}},"20":{"start":{"line":149,"column":4},"end":{"line":149,"column":4996}},"21":{"start":{"line":154,"column":4},"end":{"line":154,"column":65}},"22":{"start":{"line":155,"column":4},"end":{"line":155,"column":76}},"23":{"start":{"line":156,"column":4},"end":{"line":156,"column":50}},"24":{"start":{"line":176,"column":4},"end":{"line":176,"column":6064}},"25":{"start":{"line":181,"column":4},"end":{"line":181,"column":41}},"26":{"start":{"line":196,"column":4},"end":{"line":196,"column":78}}},"branchMap":{"1":{"line":80,"type":"if","locations":[{"start":{"line":80,"column":4},"end":{"line":80,"column":4}},{"start":{"line":80,"column":4},"end":{"line":80,"column":4}}]},"2":{"line":81,"type":"if","locations":[{"start":{"line":81,"column":4},"end":{"line":81,"column":4}},{"start":{"line":81,"column":4},"end":{"line":81,"column":4}}]},"3":{"line":82,"type":"if","locations":[{"start":{"line":82,"column":4},"end":{"line":82,"column":4}},{"start":{"line":82,"column":4},"end":{"line":82,"column":4}}]},"4":{"line":83,"type":"if","locations":[{"start":{"line":83,"column":4},"end":{"line":83,"column":4}},{"start":{"line":83,"column":4},"end":{"line":83,"column":4}}]},"5":{"line":87,"type":"if","locations":[{"start":{"line":87,"column":4},"end":{"line":87,"column":4}},{"start":{"line":87,"column":4},"end":{"line":87,"column":4}}]},"6":{"line":89,"type":"if","locations":[{"start":{"line":89,"column":6},"end":{"line":89,"column":6}},{"start":{"line":89,"column":6},"end":{"line":89,"column":6}}]},"7":{"line":91,"type":"if","locations":[{"start":{"line":91,"column":6},"end":{"line":91,"column":6}},{"start":{"line":91,"column":6},"end":{"line":91,"column":6}}]},"8":{"line":124,"type":"if","locations":[{"start":{"line":124,"column":4},"end":{"line":124,"column":4}},{"start":{"line":124,"column":4},"end":{"line":124,"column":4}}]},"9":{"line":149,"type":"if","locations":[{"start":{"line":149,"column":4},"end":{"line":149,"column":4}},{"start":{"line":149,"column":4},"end":{"line":149,"column":4}}]},"10":{"line":176,"type":"if","locations":[{"start":{"line":176,"column":4},"end":{"line":176,"column":4}},{"start":{"line":176,"column":4},"end":{"line":176,"column":4}}]}}}}
