TN:
SF:/Users/will/Code/721/partial-common-ownership/contracts/token/modules/Beneficiary.sol
FN:36,setBeneficiary
FN:47,beneficiaryOf
FN:63,_setBeneficiary
FNF:3
FNH:3
FNDA:3,setBeneficiary
FNDA:260,beneficiaryOf
FNDA:5,_setBeneficiary
DA:38,3
DA:39,2
DA:50,260
DA:65,5
DA:67,5
LF:5
LH:5
BRDA:38,1,0,2
BRDA:38,1,1,1
BRF:2
BRH:2
end_of_record
TN:
SF:/Users/will/Code/721/partial-common-ownership/contracts/token/modules/interfaces/IBeneficiary.sol
FNF:0
FNH:0
LF:0
LH:0
BRF:0
BRH:0
end_of_record
TN:
SF:/Users/will/Code/721/partial-common-ownership/contracts/token/modules/interfaces/ILease.sol
FNF:0
FNH:0
LF:0
LH:0
BRF:0
BRH:0
end_of_record
TN:
SF:/Users/will/Code/721/partial-common-ownership/contracts/token/modules/interfaces/IRemittance.sol
FNF:0
FNH:0
LF:0
LH:0
BRF:0
BRH:0
end_of_record
TN:
SF:/Users/will/Code/721/partial-common-ownership/contracts/token/modules/interfaces/ITaxation.sol
FNF:0
FNH:0
LF:0
LH:0
BRF:0
BRH:0
end_of_record
TN:
SF:/Users/will/Code/721/partial-common-ownership/contracts/token/modules/interfaces/IValuation.sol
FNF:0
FNH:0
LF:0
LH:0
BRF:0
BRH:0
end_of_record
TN:
SF:/Users/will/Code/721/partial-common-ownership/contracts/token/modules/Lease.sol
FN:41,takeoverLease
FN:153,selfAssess
FNF:2
FNH:2
FNDA:65,takeoverLease
FNDA:4,selfAssess
DA:43,65
DA:45,65
DA:48,65
DA:55,64
DA:59,62
DA:64,61
DA:67,61
DA:69,61
DA:70,6
DA:72,4
DA:76,2
DA:81,55
DA:89,58
DA:92,56
DA:98,56
DA:100,56
DA:101,56
DA:104,56
DA:106,50
DA:112,50
DA:117,6
DA:126,56
DA:128,4
DA:131,47
DA:134,5
DA:138,56
DA:140,56
DA:142,56
DA:145,56
DA:155,4
DA:156,4
DA:157,3
DA:159,2
LF:33
LH:33
BRDA:43,1,0,65
BRDA:43,1,1,0
BRDA:48,2,0,64
BRDA:48,2,1,1
BRDA:55,3,0,62
BRDA:55,3,1,2
BRDA:59,4,0,61
BRDA:59,4,1,1
BRDA:69,5,0,6
BRDA:69,5,1,55
BRDA:70,6,0,4
BRDA:70,6,1,2
BRDA:72,7,0,3
BRDA:72,7,1,1
BRDA:76,8,0,1
BRDA:76,8,1,1
BRDA:81,9,0,54
BRDA:81,9,1,1
BRDA:89,10,0,56
BRDA:89,10,1,2
BRDA:104,11,0,50
BRDA:104,11,1,6
BRDA:126,12,0,4
BRDA:126,12,1,52
BRDA:129,13,0,47
BRDA:129,13,1,5
BRDA:156,14,0,3
BRDA:156,14,1,1
BRDA:157,15,0,2
BRDA:157,15,1,1
BRF:30
BRH:29
end_of_record
TN:
SF:/Users/will/Code/721/partial-common-ownership/contracts/token/modules/Remittance.sol
FN:49,withdrawOutstandingRemittance
FN:70,_remit
FNF:2
FNH:2
FNDA:2,withdrawOutstandingRemittance
FNDA:40,_remit
DA:50,2
DA:52,2
DA:54,1
DA:56,1
DA:75,40
DA:79,40
DA:80,39
DA:83,1
DA:84,1
LF:9
LH:9
BRDA:52,1,0,1
BRDA:52,1,1,1
BRDA:79,2,0,39
BRDA:79,2,1,1
BRF:4
BRH:4
end_of_record
TN:
SF:/Users/will/Code/721/partial-common-ownership/contracts/token/modules/Taxation.sol
FN:71,_collectTax
FN:83,collectTax
FN:128,deposit
FN:138,withdrawDeposit
FN:148,exit
FN:162,taxCollectedSinceLastTransferOf
FN:173,taxRateOf
FN:184,collectionFrequencyOf
FN:195,taxOwedSince
FN:205,taxOwed
FN:215,lastCollectionTimeOf
FN:229,depositOf
FN:236,withdrawableDeposit
FN:250,foreclosed
FN:260,foreclosureTime
FN:287,_forecloseIfNecessary
FN:307,_withdrawDeposit
FN:331,_setTaxCollectedSinceLastTransfer
FN:342,_setLastCollectionTime
FN:353,_setTaxRate
FN:364,_setCollectionFrequency
FN:372,_setDeposit
FN:383,_taxOwed
FN:399,_backdatedForeclosureTime
FNF:24
FNH:24
FNDA:11,_collectTax
FNDA:79,collectTax
FNDA:1,deposit
FNDA:2,withdrawDeposit
FNDA:1,exit
FNDA:47,taxCollectedSinceLastTransferOf
FNDA:181,taxRateOf
FNDA:180,collectionFrequencyOf
FNDA:177,taxOwedSince
FNDA:5,taxOwed
FNDA:131,lastCollectionTimeOf
FNDA:337,depositOf
FNDA:16,withdrawableDeposit
FNDA:106,foreclosed
FNDA:14,foreclosureTime
FNDA:33,_forecloseIfNecessary
FNDA:3,_withdrawDeposit
FNDA:98,_setTaxCollectedSinceLastTransfer
FNDA:81,_setLastCollectionTime
FNDA:3,_setTaxRate
FNDA:3,_setCollectionFrequency
FNDA:140,_setDeposit
FNDA:163,_taxOwed
FNDA:9,_backdatedForeclosureTime
DA:72,11
DA:73,11
DA:84,79
DA:87,79
DA:90,32
DA:94,32
DA:98,31
DA:99,7
DA:101,7
DA:103,24
DA:107,31
DA:108,31
DA:109,31
DA:114,31
DA:117,31
DA:119,31
DA:130,1
DA:140,2
DA:150,1
DA:165,47
DA:176,181
DA:187,180
DA:198,177
DA:199,177
DA:211,5
DA:221,131
DA:232,337
DA:242,16
DA:243,5
DA:245,11
DA:251,106
DA:252,106
DA:253,64
DA:255,42
DA:266,14
DA:267,14
DA:268,14
DA:270,10
DA:274,2
DA:277,2
DA:290,33
DA:292,8
DA:295,8
DA:297,8
DA:299,8
DA:309,3
DA:312,3
DA:314,2
DA:315,2
DA:317,2
DA:319,2
DA:321,2
DA:334,98
DA:344,81
DA:355,3
DA:366,3
DA:373,140
DA:386,163
DA:388,161
DA:389,161
DA:404,9
DA:405,9
DA:406,9
LF:63
LH:63
BRDA:87,1,0,47
BRDA:87,1,1,32
BRDA:94,2,0,1
BRDA:94,2,1,31
BRDA:98,3,0,7
BRDA:98,3,1,24
BRDA:242,4,0,5
BRDA:242,4,1,11
BRDA:252,5,0,64
BRDA:252,5,1,42
BRDA:268,6,0,10
BRDA:268,6,1,4
BRDA:271,7,0,2
BRDA:271,7,1,2
BRDA:290,8,0,8
BRDA:290,8,1,25
BRDA:309,9,0,0
BRDA:309,9,1,3
BRDA:312,10,0,2
BRDA:312,10,1,1
BRDA:315,11,0,2
BRDA:315,11,1,0
BRDA:386,12,0,2
BRDA:386,12,1,161
BRF:24
BRH:22
end_of_record
TN:
SF:/Users/will/Code/721/partial-common-ownership/contracts/token/modules/TokenManagement.sol
FN:14,_onlyOwner
FN:22,_tokenMinted
FNF:2
FNH:2
FNDA:16,_onlyOwner
FNDA:1737,_tokenMinted
DA:15,16
DA:16,16
DA:17,8
DA:23,1737
DA:24,1731
LF:5
LH:5
BRDA:16,1,0,8
BRDA:16,1,1,8
BRDA:23,2,0,1731
BRDA:23,2,1,6
BRF:4
BRH:4
end_of_record
TN:
SF:/Users/will/Code/721/partial-common-ownership/contracts/token/modules/Valuation.sol
FN:34,valuationOf
FN:47,_setValuation
FNF:2
FNH:2
FNDA:389,valuationOf
FNDA:66,_setValuation
DA:37,389
DA:48,66
DA:50,66
LF:3
LH:3
BRF:0
BRH:0
end_of_record
TN:
SF:/Users/will/Code/721/partial-common-ownership/contracts/token/PartialCommonOwnership.sol
FN:35,constructor
FN:51,transferFrom
FN:66,safeTransferFrom
FN:82,_mint
FN:101,_burn
FN:120,_transfer
FNF:6
FNH:4
FNDA:2,constructor
FNDA:1,transferFrom
FNDA:2,safeTransferFrom
FNDA:0,_mint
FNDA:0,_burn
FNDA:67,_transfer
DA:52,1
DA:67,2
DA:91,0
DA:92,0
DA:93,0
DA:94,0
DA:95,0
DA:96,0
DA:103,0
DA:106,0
DA:109,0
DA:110,0
DA:111,0
DA:112,0
DA:113,0
DA:125,67
DA:126,67
LF:17
LH:4
BRF:0
BRH:0
end_of_record
TN:
SF:/Users/will/Code/721/partial-common-ownership/contracts/Wrapper.sol
FN:53,constructor
FN:71,wrap
FN:121,unwrap
FN:143,tokenURI
FN:168,onERC721Received
FN:191,wrappedTokenId
FNF:6
FNH:1
FNDA:1,constructor
FNDA:0,wrap
FNDA:0,unwrap
FNDA:0,tokenURI
FNDA:0,onERC721Received
FNDA:0,wrappedTokenId
DA:80,0
DA:81,0
DA:82,0
DA:83,0
DA:85,0
DA:87,0
DA:89,0
DA:91,0
DA:95,0
DA:97,0
DA:98,0
DA:104,0
DA:114,0
DA:122,0
DA:124,0
DA:127,0
DA:130,0
DA:133,0
DA:136,0
DA:137,0
DA:149,0
DA:154,0
DA:155,0
DA:156,0
DA:176,0
DA:181,0
DA:196,0
LF:27
LH:0
BRDA:80,1,0,0
BRDA:80,1,1,0
BRDA:81,2,0,0
BRDA:81,2,1,0
BRDA:82,3,0,0
BRDA:82,3,1,0
BRDA:83,4,0,0
BRDA:83,4,1,0
BRDA:87,5,0,0
BRDA:87,5,1,0
BRDA:89,6,0,0
BRDA:89,6,1,0
BRDA:91,7,0,0
BRDA:91,7,1,0
BRDA:124,8,0,0
BRDA:124,8,1,0
BRDA:149,9,0,0
BRDA:149,9,1,0
BRDA:176,10,0,0
BRDA:176,10,1,0
BRF:20
BRH:0
end_of_record
