TN:
SF:contracts/Wrapper.sol
DA:59,6225
FN:59,Wrapper.wrap
FNDA:6225,Wrapper.wrap
DA:68,6225
BRDA:68,0,0,129
BRDA:68,0,1,6096
DA:69,6096
BRDA:69,1,0,80
BRDA:69,1,1,6016
DA:70,6016
BRDA:70,2,0,84
BRDA:70,2,1,5932
DA:71,5932
BRDA:71,3,0,88
BRDA:71,3,1,5844
DA:73,5844
DA:75,5844
BRDA:75,4,0,1431
BRDA:75,4,1,4346
DA:77,1431
BRDA:77,5,0,70
BRDA:77,5,1,1361
DA:79,4413
BRDA:79,6,0,67
BRDA:79,6,1,4346
DA:83,5707
DA:85,5278
DA:86,5278
DA:92,5278
DA:102,5278
DA:109,5358
FN:109,Wrapper.unwrap
FNDA:5358,Wrapper.unwrap
DA:110,5357
DA:112,5357
BRDA:112,7,0,997
BRDA:112,7,1,4360
DA:115,4360
DA:121,4360
DA:124,4360
DA:125,4360
DA:131,6
FN:131,Wrapper.tokenURI
FNDA:6,Wrapper.tokenURI
DA:132,6
BRDA:132,8,0,5
BRDA:132,8,1,1
DA:137,1
DA:138,1
DA:139,1
DA:151,6210
FN:151,Wrapper.onERC721Received
FNDA:6210,Wrapper.onERC721Received
DA:159,6210
BRDA:159,9,0,475
BRDA:159,9,1,5735
DA:164,5735
DA:174,121881
FN:174,Wrapper.wrappedTokenId
FNDA:121881,Wrapper.wrappedTokenId
DA:179,127159
FNF:5
FNH:5
LF:31
LH:31
BRF:20
BRH:20
end_of_record
TN:
SF:contracts/test/Blocker.sol
DA:13,0
FN:13,Blocker.constructor
FNDA:0,Blocker.constructor
DA:14,0
DA:17,0
FN:17,Blocker.receive
FNDA:0,Blocker.receive
DA:18,0
BRDA:18,0,0,-
DA:21,0
FN:21,Blocker.takeoverLease
FNDA:0,Blocker.takeoverLease
DA:27,0
DA:37,0
FN:37,Blocker.collect
FNDA:0,Blocker.collect
DA:38,0
DA:39,0
FNF:4
FNH:0
LF:9
LH:0
BRF:1
BRH:0
end_of_record
TN:
SF:test/solidity/helpers/EnhancedTest.sol
DA:14,8
FN:14,EnhancedTest.setUp
FNDA:8,EnhancedTest.setUp
DA:16,8
DA:24,512
FN:24,EnhancedTest.safeFuzzedAddress
FNDA:512,EnhancedTest.safeFuzzedAddress
DA:25,512
DA:26,512
DA:27,512
DA:31,512
FN:31,EnhancedTest.noCreate2Deployer
FNDA:512,EnhancedTest.noCreate2Deployer
DA:32,512
DA:37,512
FN:37,EnhancedTest.noVM
FNDA:512,EnhancedTest.noVM
DA:38,512
DA:43,512
FN:43,EnhancedTest.noPrecompiles.0
FNDA:512,EnhancedTest.noPrecompiles.0
DA:44,512
DA:48,512
FN:48,EnhancedTest.noPrecompiles.1
FNDA:512,EnhancedTest.noPrecompiles.1
DA:49,512
BRDA:49,0,0,512
BRDA:49,0,1,0
DA:50,512
BRDA:50,1,0,0
DA:52,512
DA:53,0
BRDA:53,2,0,-
BRDA:53,2,1,-
DA:55,0
DA:60,0
FNF:6
FNH:6
LF:19
LH:16
BRF:5
BRH:1
end_of_record
TN:
SF:contracts/test/TestNFT.sol
DA:14,29
FN:14,TestNFT.constructor
FNDA:29,TestNFT.constructor
DA:15,29
DA:16,87
DA:25,1
FN:25,TestNFT._baseURI
FNDA:1,TestNFT._baseURI
DA:26,1
FNF:2
FNH:2
LF:5
LH:5
BRF:0
BRH:0
end_of_record
TN:
SF:contracts/test/TestPCOToken.sol
DA:10,77
FN:10,TestPCOToken.constructor
FNDA:77,TestPCOToken.constructor
DA:11,77
DA:12,77
DA:14,77
DA:15,77
DA:17,77
DA:18,77
DA:20,77
DA:21,77
DA:23,77
DA:24,77
DA:26,77
DA:27,77
FNF:1
FNH:1
LF:13
LH:13
BRF:0
BRH:0
end_of_record
TN:
SF:contracts/token/PartialCommonOwnership.sol
DA:25,5278
FN:25,PartialCommonOwnership._mint
FNDA:5278,PartialCommonOwnership._mint
DA:34,5278
DA:35,5278
DA:36,5278
DA:37,5278
DA:38,5278
DA:39,5278
DA:44,4360
FN:44,PartialCommonOwnership._burn
FNDA:4360,PartialCommonOwnership._burn
DA:46,4360
DA:49,4360
FNF:2
FNH:2
LF:10
LH:10
BRF:0
BRH:0
end_of_record
TN:
SF:contracts/token/modules/Beneficiary.sol
DA:41,17620
FN:41,Beneficiary.setBeneficiary
FNDA:17620,Beneficiary.setBeneficiary
DA:45,18132
BRDA:45,0,0,512
DA:46,17620
DA:50,135574
FN:50,Beneficiary.beneficiaryOf
FNDA:135574,Beneficiary.beneficiaryOf
DA:56,564301
DA:67,25943
FN:67,Beneficiary._setBeneficiary
FNDA:25943,Beneficiary._setBeneficiary
DA:70,25943
DA:72,25943
FNF:3
FNH:3
LF:8
LH:8
BRF:1
BRH:1
end_of_record
TN:
SF:contracts/token/modules/ERC721.sol
DA:40,13568
FN:40,ERC721._onlyApprovedOrOwner
FNDA:13568,ERC721._onlyApprovedOrOwner
DA:41,13568
BRDA:41,0,0,3
BRDA:41,0,1,3011
DA:50,3124
FN:50,ERC721._tokenMinted
FNDA:3124,ERC721._tokenMinted
DA:51,3124
BRDA:51,1,0,0
BRDA:51,1,1,59050
DA:62,2747
FN:62,ERC721.approve
FNDA:2747,ERC721.approve
DA:63,2747
DA:64,2747
BRDA:64,2,0,75
BRDA:64,2,1,2672
DA:67,2672
BRDA:67,3,0,157
BRDA:67,3,1,2515
DA:73,2515
DA:79,4707
FN:79,ERC721.setApprovalForAll
FNDA:4707,ERC721.setApprovalForAll
DA:84,4707
DA:90,5168
FN:90,ERC721.transferFrom
FNDA:5168,ERC721.transferFrom
DA:95,5113
DA:101,958
FN:101,ERC721.safeTransferFrom.0
FNDA:958,ERC721.safeTransferFrom.0
DA:106,958
DA:112,241
FN:112,ERC721.safeTransferFrom.1
FNDA:241,ERC721.safeTransferFrom.1
DA:118,1147
DA:128,0
FN:128,ERC721.supportsInterface
FNDA:0,ERC721.supportsInterface
DA:135,0
DA:136,0
DA:137,0
DA:143,4994
FN:143,ERC721.balanceOf
FNDA:4994,ERC721.balanceOf
DA:150,4994
BRDA:150,4,0,0
BRDA:150,4,1,4994
DA:151,4994
DA:157,450748
FN:157,ERC721.ownerOf
FNDA:450748,ERC721.ownerOf
DA:164,1150247
DA:165,1150247
BRDA:165,5,0,41174
BRDA:165,5,1,1109073
DA:166,1109073
DA:172,1599
FN:172,ERC721.getApproved
FNDA:1599,ERC721.getApproved
DA:180,2639
DA:186,1536
FN:186,ERC721.isApprovedForAll
FNDA:1536,ERC721.isApprovedForAll
DA:193,2954
DA:218,1147
FN:218,ERC721._safeTransfer
FNDA:1147,ERC721._safeTransfer
DA:224,1147
DA:225,1147
BRDA:225,6,0,273
BRDA:225,6,1,874
DA:241,5763
FN:241,ERC721._safeMint.0
FNDA:5763,ERC721._safeMint.0
DA:242,5763
DA:249,5763
FN:249,ERC721._safeMint.1
FNDA:5763,ERC721._safeMint.1
DA:254,5763
DA:255,5763
BRDA:255,7,0,0
BRDA:255,7,1,5763
DA:273,5763
FN:273,ERC721._mint
FNDA:5763,ERC721._mint
DA:274,5763
BRDA:274,8,0,0
BRDA:274,8,1,5763
DA:275,5763
BRDA:275,9,0,0
BRDA:275,9,1,5763
DA:277,5763
DA:279,5763
DA:280,5763
DA:282,5763
DA:284,5763
DA:297,4360
FN:297,ERC721._burn
FNDA:4360,ERC721._burn
DA:298,4360
DA:300,4360
DA:303,4360
DA:305,4360
DA:308,4360
DA:310,4360
DA:324,71177
FN:324,ERC721._transfer
FNDA:71177,ERC721._transfer
DA:329,71177
BRDA:329,10,0,98
BRDA:329,10,1,71079
DA:333,71079
BRDA:333,11,0,0
BRDA:333,11,1,71079
DA:335,71079
DA:338,71079
DA:340,71079
DA:341,71079
DA:342,71079
DA:344,71079
DA:346,71079
DA:354,77954
FN:354,ERC721._approve
FNDA:77954,ERC721._approve
DA:355,77954
DA:356,77954
DA:364,4707
FN:364,ERC721._setApprovalForAll
FNDA:4707,ERC721._setApprovalForAll
DA:369,4707
BRDA:369,12,0,75
BRDA:369,12,1,4632
DA:370,4632
DA:371,4632
DA:389,81202
FN:389,ERC721._beforeTokenTransfer
FNDA:81202,ERC721._beforeTokenTransfer
DA:409,81202
FN:409,ERC721._afterTokenTransfer
FNDA:81202,ERC721._afterTokenTransfer
DA:429,1684935
FN:429,ERC721._exists
FNDA:1684935,ERC721._exists
DA:430,1684935
DA:440,31916
FN:440,ERC721._isApprovedOrOwner
FNDA:31916,ERC721._isApprovedOrOwner
DA:447,31912
DA:448,31912
DA:467,6910
FN:467,ERC721._checkOnERC721Received
FNDA:6910,ERC721._checkOnERC721Received
DA:473,6910
BRDA:473,13,0,4123
BRDA:473,13,1,0
DA:474,4123
BRDA:474,14,0,4123
DA:475,4123
DA:477,4123
DA:478,0
BRDA:478,14,1,-
DA:479,0
BRDA:479,15,0,-
BRDA:479,15,1,-
DA:480,0
DA:484,0
DA:490,2787
FNF:25
FNH:24
LF:89
LH:81
BRF:32
BRH:22
end_of_record
TN:
SF:contracts/token/modules/Lease.sol
DA:36,96581
FN:36,Lease.takeoverLease
FNDA:96581,Lease.takeoverLease
DA:42,96579
BRDA:42,0,0,0
BRDA:42,0,1,96579
DA:44,96579
DA:47,96579
BRDA:47,1,0,43617
BRDA:47,1,1,52962
DA:54,52962
BRDA:54,2,0,116
BRDA:54,2,1,52846
DA:58,52846
BRDA:58,3,0,88
BRDA:58,3,1,52758
DA:63,52758
DA:66,52758
DA:68,4842
BRDA:68,4,0,4842
BRDA:68,4,1,47804
DA:69,4842
BRDA:69,5,0,2239
BRDA:69,5,1,2550
DA:71,2239
BRDA:71,6,0,62
BRDA:71,6,1,2177
DA:75,2603
BRDA:75,7,0,53
BRDA:75,7,1,2550
DA:80,47916
BRDA:80,8,0,112
BRDA:80,8,1,47804
DA:88,52531
BRDA:88,9,0,91
BRDA:88,9,1,52440
DA:91,52440
DA:97,52440
DA:99,47881
DA:100,47881
DA:103,16812
BRDA:103,10,0,16812
BRDA:103,10,1,31069
DA:105,16812
DA:111,16812
DA:116,31069
DA:125,4727
BRDA:125,11,0,4727
BRDA:125,11,1,28520
DA:127,4727
DA:128,14634
BRDA:128,12,0,14634
BRDA:128,12,1,28520
DA:130,14634
DA:133,28520
DA:137,47881
DA:139,47881
DA:141,47881
DA:144,47881
DA:148,13568
FN:148,Lease.selfAssess
FNDA:13568,Lease.selfAssess
DA:154,13562
DA:155,13562
BRDA:155,13,0,392
BRDA:155,13,1,13170
DA:156,13170
BRDA:156,14,0,1
BRDA:156,14,1,13169
DA:158,13169
FNF:2
FNH:2
LF:36
LH:36
BRF:30
BRH:29
end_of_record
TN:
SF:contracts/token/modules/Remittance.sol
DA:69,5553
FN:69,Remittance.withdrawOutstandingRemittance
FNDA:5553,Remittance.withdrawOutstandingRemittance
DA:70,6065
DA:71,6065
DA:73,6065
BRDA:73,0,0,2777
DA:74,3288
BRDA:74,1,0,0
DA:76,3288
DA:78,3288
DA:80,3288
DA:99,87208
FN:99,Remittance._remit
FNDA:87208,Remittance._remit
DA:105,87208
BRDA:105,2,0,1024
DA:108,86184
BRDA:108,3,0,513
DA:112,85671
BRDA:112,4,0,512
DA:114,85159
BRDA:114,5,0,4047
DA:120,81112
BRDA:120,6,0,69725
BRDA:120,6,1,69725
DA:121,69725
DA:122,69725
DA:125,11387
DA:126,11387
DA:128,11387
FNF:2
FNH:2
LF:19
LH:19
BRF:8
BRH:7
end_of_record
TN:
SF:contracts/token/modules/Taxation.sol
DA:71,13562
FN:71,Taxation._collectTax
FNDA:13562,Taxation._collectTax
DA:72,13562
DA:83,36133
FN:83,Taxation.collectTax
FNDA:36133,Taxation.collectTax
DA:84,198651
DA:87,198651
BRDA:87,0,0,45037
DA:90,153614
DA:94,153614
BRDA:94,1,0,107489
DA:98,46125
BRDA:98,2,0,11767
BRDA:98,2,1,34358
DA:99,11767
DA:101,11767
DA:103,34358
DA:107,46125
DA:108,46125
DA:109,46125
DA:114,46125
DA:117,46125
DA:119,41566
DA:123,5202
FN:123,Taxation.deposit
FNDA:5202,Taxation.deposit
DA:130,4932
DA:134,3014
FN:134,Taxation.withdrawDeposit
FNDA:3014,Taxation.withdrawDeposit
DA:140,3011
DA:144,3765
FN:144,Taxation.exit
FNDA:3765,Taxation.exit
DA:150,3496
DA:158,202808
FN:158,Taxation.taxCollectedSinceLastTransferOf
FNDA:202808,Taxation.taxCollectedSinceLastTransferOf
DA:165,248933
DA:169,1073
FN:169,Taxation.taxRateOf
FNDA:1073,Taxation.taxRateOf
DA:176,277340
DA:180,1072
FN:180,Taxation.collectionFrequencyOf
FNDA:1072,Taxation.collectionFrequencyOf
DA:187,277339
DA:191,1027
FN:191,Taxation.taxOwedSince
FNDA:1027,Taxation.taxOwedSince
DA:198,276271
DA:199,276271
DA:200,276271
DA:205,7121
FN:205,Taxation.taxOwed
FNDA:7121,Taxation.taxOwed
DA:211,7121
DA:215,13019
FN:215,Taxation.lastCollectionTimeOf
FNDA:13019,Taxation.lastCollectionTimeOf
DA:221,24792
DA:225,46600
FN:225,Taxation.depositOf
FNDA:46600,Taxation.depositOf
DA:232,382168
DA:236,2732
FN:236,Taxation.withdrawableDeposit
FNDA:2732,Taxation.withdrawableDeposit
DA:242,6934
BRDA:242,3,0,8
BRDA:242,3,1,6926
DA:243,8
DA:245,6926
DA:250,96328
FN:250,Taxation.foreclosed
FNDA:96328,Taxation.foreclosed
DA:251,149387
DA:252,149387
BRDA:252,4,0,31825
BRDA:252,4,1,117562
DA:253,31825
DA:255,117562
DA:260,4202
FN:260,Taxation.foreclosureTime
FNDA:4202,Taxation.foreclosureTime
DA:266,4202
DA:267,4202
DA:268,4202
BRDA:268,5,0,4196
BRDA:268,5,1,2
DA:270,4196
DA:271,6
BRDA:271,6,0,4
BRDA:271,6,1,2
DA:274,4
DA:277,2
DA:287,49530
FN:287,Taxation._forecloseIfNecessary
FNDA:49530,Taxation._forecloseIfNecessary
DA:290,49530
BRDA:290,7,0,17036
DA:292,17036
DA:295,17036
DA:297,17036
DA:299,17036
DA:307,10867
FN:307,Taxation._withdrawDeposit
FNDA:10867,Taxation._withdrawDeposit
DA:309,10867
BRDA:309,8,0,2621
DA:312,8246
BRDA:312,9,0,282
BRDA:312,9,1,7964
DA:314,7964
DA:315,7964
BRDA:315,10,0,0
BRDA:315,10,1,7964
DA:317,7964
DA:319,7964
DA:321,7964
DA:325,81202
FN:325,Taxation._beforeTokenTransfer
FNDA:81202,Taxation._beforeTokenTransfer
DA:330,81202
DA:331,81202
DA:335,81202
FN:335,Taxation._afterTokenTransfer
FNDA:81202,Taxation._afterTokenTransfer
DA:340,81202
DA:341,81202
DA:351,127327
FN:351,Taxation._setTaxCollectedSinceLastTransfer
FNDA:127327,Taxation._setTaxCollectedSinceLastTransfer
DA:354,127327
DA:360,62937
FN:360,Taxation._setLastCollectionTime
FNDA:62937,Taxation._setLastCollectionTime
DA:364,62937
DA:371,8835
FN:371,Taxation._setTaxRate
FNDA:8835,Taxation._setTaxRate
DA:375,8835
DA:382,8835
FN:382,Taxation._setCollectionFrequency
FNDA:8835,Taxation._setCollectionFrequency
DA:386,8835
DA:392,128992
FN:392,Taxation._setDeposit
FNDA:128992,Taxation._setDeposit
DA:393,128992
DA:403,328819
FN:403,Taxation._taxOwed
FNDA:328819,Taxation._taxOwed
DA:406,328819
BRDA:406,11,0,57776
DA:408,271043
DA:409,271043
DA:419,11771
FN:419,Taxation._backdatedForeclosureTime
FNDA:11771,Taxation._backdatedForeclosureTime
DA:424,11771
DA:425,11771
DA:426,11771
FNF:26
FNH:26
LF:94
LH:94
BRF:19
BRH:18
end_of_record
TN:
SF:contracts/token/modules/Valuation.sol
DA:29,76864
FN:29,Valuation.valuationOf
FNDA:76864,Valuation.valuationOf
DA:35,661954
DA:45,84388
FN:45,Valuation._setValuation
FNDA:84388,Valuation._setValuation
DA:46,84388
DA:48,84388
FNF:2
FNH:2
LF:5
LH:5
BRF:0
BRH:0
end_of_record
TN:
SF:node_modules/@openzeppelin/contracts/token/ERC721/ERC721.sol
DA:44,38
FN:44,ERC721.constructor
FNDA:38,ERC721.constructor
DA:45,38
DA:46,38
DA:52,0
FN:52,ERC721.supportsInterface
FNDA:0,ERC721.supportsInterface
DA:53,0
DA:54,0
DA:55,0
DA:56,0
DA:62,9
FN:62,ERC721.balanceOf
FNDA:9,ERC721.balanceOf
DA:63,9
BRDA:63,0,0,0
BRDA:63,0,1,9
DA:64,9
DA:70,7779
FN:70,ERC721.ownerOf
FNDA:7779,ERC721.ownerOf
DA:71,50554
DA:72,50554
BRDA:72,1,0,0
BRDA:72,1,1,50554
DA:73,50554
DA:79,0
FN:79,ERC721.name
FNDA:0,ERC721.name
DA:80,0
DA:86,0
FN:86,ERC721.symbol
FNDA:0,ERC721.symbol
DA:87,0
DA:93,1
FN:93,ERC721.tokenURI
FNDA:1,ERC721.tokenURI
DA:94,1
DA:96,1
DA:97,1
DA:105,0
FN:105,ERC721._baseURI
FNDA:0,ERC721._baseURI
DA:106,0
DA:112,5790
FN:112,ERC721.approve
FNDA:5790,ERC721.approve
DA:113,5790
DA:114,5790
BRDA:114,2,0,0
BRDA:114,2,1,5790
DA:116,5790
BRDA:116,3,0,0
BRDA:116,3,1,5790
DA:121,5790
DA:127,1030
FN:127,ERC721.getApproved
FNDA:1030,ERC721.getApproved
DA:128,6310
DA:130,6310
DA:136,0
FN:136,ERC721.setApprovalForAll
FNDA:0,ERC721.setApprovalForAll
DA:137,0
DA:143,0
FN:143,ERC721.isApprovedForAll
FNDA:0,ERC721.isApprovedForAll
DA:144,5280
DA:150,0
FN:150,ERC721.transferFrom
FNDA:0,ERC721.transferFrom
DA:152,0
BRDA:152,4,0,-
BRDA:152,4,1,-
DA:154,0
DA:160,10542
FN:160,ERC721.safeTransferFrom.0
FNDA:10542,ERC721.safeTransferFrom.0
DA:161,10542
DA:167,0
FN:167,ERC721.safeTransferFrom.1
FNDA:0,ERC721.safeTransferFrom.1
DA:168,10542
BRDA:168,5,0,2
BRDA:168,5,1,10540
DA:169,10540
DA:190,10540
FN:190,ERC721._safeTransfer
FNDA:10540,ERC721._safeTransfer
DA:191,10540
DA:192,10113
BRDA:192,6,0,0
BRDA:192,6,1,9638
DA:198,57093
FN:198,ERC721._ownerOf
FNDA:57093,ERC721._ownerOf
DA:199,57093
DA:210,6539
FN:210,ERC721._exists
FNDA:6539,ERC721._exists
DA:211,6539
DA:221,10542
FN:221,ERC721._isApprovedOrOwner
FNDA:10542,ERC721._isApprovedOrOwner
DA:222,10542
DA:223,10542
DA:236,114
FN:236,ERC721._safeMint.0
FNDA:114,ERC721._safeMint.0
DA:237,114
DA:244,114
FN:244,ERC721._safeMint.1
FNDA:114,ERC721._safeMint.1
DA:245,114
DA:246,114
BRDA:246,7,0,0
BRDA:246,7,1,114
DA:264,114
FN:264,ERC721._mint
FNDA:114,ERC721._mint
DA:265,114
BRDA:265,8,0,0
BRDA:265,8,1,114
DA:266,114
BRDA:266,9,0,0
BRDA:266,9,1,114
DA:268,114
DA:271,114
BRDA:271,10,0,0
BRDA:271,10,1,114
DA:278,114
DA:281,114
DA:283,114
DA:285,114
DA:299,0
FN:299,ERC721._burn
FNDA:0,ERC721._burn
DA:300,0
DA:302,0
DA:305,0
DA:313,0
DA:317,0
DA:319,0
DA:333,10540
FN:333,ERC721._transfer
FNDA:10540,ERC721._transfer
DA:334,10540
BRDA:334,11,0,427
BRDA:334,11,1,10113
DA:335,10113
BRDA:335,12,0,0
BRDA:335,12,1,10113
DA:337,10113
DA:340,10113
BRDA:340,13,0,0
BRDA:340,13,1,10113
DA:351,10113
DA:352,10113
DA:354,10113
DA:356,10113
DA:358,10113
DA:366,5790
FN:366,ERC721._approve
FNDA:5790,ERC721._approve
DA:367,5790
DA:368,5790
DA:376,0
FN:376,ERC721._setApprovalForAll
FNDA:0,ERC721._setApprovalForAll
DA:377,0
BRDA:377,14,0,-
BRDA:377,14,1,-
DA:378,0
DA:379,0
DA:385,6311
FN:385,ERC721._requireMinted
FNDA:6311,ERC721._requireMinted
DA:386,6311
BRDA:386,15,0,0
BRDA:386,15,1,6311
DA:399,10227
FN:399,ERC721._checkOnERC721Received
FNDA:10227,ERC721._checkOnERC721Received
DA:405,10227
BRDA:405,16,0,8839
BRDA:405,16,1,475
DA:406,8839
BRDA:406,17,0,8839
DA:407,8364
DA:408,475
BRDA:408,17,1,475
DA:409,475
BRDA:409,18,0,0
BRDA:409,18,1,475
DA:410,0
DA:414,475
DA:419,1388
DA:437,10227
FN:437,ERC721._beforeTokenTransfer
FNDA:10227,ERC721._beforeTokenTransfer
DA:453,10227
FN:453,ERC721._afterTokenTransfer
FNDA:10227,ERC721._afterTokenTransfer
DA:463,0
FN:463,ERC721.__unsafe_increaseBalance
FNDA:0,ERC721.__unsafe_increaseBalance
DA:464,0
FNF:31
FNH:20
LF:108
LH:76
BRF:38
BRH:21
end_of_record
TN:
SF:node_modules/@openzeppelin/contracts/utils/Address.sol
DA:40,17137
FN:40,Address.isContract
FNDA:17137,Address.isContract
DA:45,17137
DA:64,0
FN:64,Address.sendValue
FNDA:0,Address.sendValue
DA:65,0
BRDA:65,0,0,-
BRDA:65,0,1,-
DA:67,0
DA:68,0
BRDA:68,1,0,-
BRDA:68,1,1,-
DA:89,0
FN:89,Address.functionCall.0
FNDA:0,Address.functionCall.0
DA:90,0
DA:99,0
FN:99,Address.functionCall.1
FNDA:0,Address.functionCall.1
DA:104,0
DA:118,0
FN:118,Address.functionCallWithValue.0
FNDA:0,Address.functionCallWithValue.0
DA:119,0
DA:128,0
FN:128,Address.functionCallWithValue.1
FNDA:0,Address.functionCallWithValue.1
DA:134,0
BRDA:134,2,0,-
BRDA:134,2,1,-
DA:135,0
DA:136,0
DA:145,0
FN:145,Address.functionStaticCall.0
FNDA:0,Address.functionStaticCall.0
DA:146,0
DA:155,0
FN:155,Address.functionStaticCall.1
FNDA:0,Address.functionStaticCall.1
DA:160,0
DA:161,0
DA:170,0
FN:170,Address.functionDelegateCall.0
FNDA:0,Address.functionDelegateCall.0
DA:171,0
DA:180,0
FN:180,Address.functionDelegateCall.1
FNDA:0,Address.functionDelegateCall.1
DA:185,0
DA:186,0
DA:195,0
FN:195,Address.verifyCallResultFromTarget
FNDA:0,Address.verifyCallResultFromTarget
DA:201,0
BRDA:201,3,0,-
BRDA:201,3,1,-
DA:202,0
BRDA:202,4,0,-
DA:205,0
BRDA:205,5,0,-
BRDA:205,5,1,-
DA:207,0
DA:209,0
DA:219,0
FN:219,Address.verifyCallResult
FNDA:0,Address.verifyCallResult
DA:224,0
BRDA:224,6,0,-
BRDA:224,6,1,-
DA:225,0
DA:227,0
DA:231,0
FN:231,Address._revert
FNDA:0,Address._revert
DA:233,0
BRDA:233,7,0,-
BRDA:233,7,1,-
DA:237,0
DA:238,0
DA:241,0
FNF:13
FNH:1
LF:41
LH:2
BRF:15
BRH:0
end_of_record
TN:
SF:node_modules/@openzeppelin/contracts/utils/Context.sol
DA:17,68746
FN:17,Context._msgSender
FNDA:68746,Context._msgSender
DA:18,68746
DA:21,0
FN:21,Context._msgData
FNDA:0,Context._msgData
DA:22,0
DA:25,0
FN:25,Context._contextSuffixLength
FNDA:0,Context._contextSuffixLength
DA:26,0
FNF:3
FNH:1
LF:6
LH:2
BRF:0
BRH:0
end_of_record
TN:
SF:node_modules/@openzeppelin/contracts/utils/Strings.sol
DA:19,1
FN:19,Strings.toString.0
FNDA:1,Strings.toString.0
DA:21,1
DA:22,1
DA:23,1
DA:26,1
DA:29,1
DA:32,1
DA:34,1
DA:35,1
BRDA:35,0,0,1
DA:37,1
DA:44,0
FN:44,Strings.toString.1
FNDA:0,Strings.toString.1
DA:45,0
DA:51,0
FN:51,Strings.toHexString.0
FNDA:0,Strings.toHexString.0
DA:53,0
DA:60,0
FN:60,Strings.toHexString.1
FNDA:0,Strings.toHexString.1
DA:61,0
DA:62,0
DA:63,0
DA:64,0
DA:65,0
DA:66,0
DA:68,0
BRDA:68,1,0,-
BRDA:68,1,1,-
DA:69,0
DA:75,0
FN:75,Strings.toHexString.2
FNDA:0,Strings.toHexString.2
DA:76,0
DA:82,0
FN:82,Strings.equal
FNDA:0,Strings.equal
DA:83,0
FNF:6
FNH:1
LF:27
LH:10
BRF:3
BRH:1
end_of_record
TN:
SF:node_modules/@openzeppelin/contracts/utils/introspection/ERC165.sol
DA:26,0
FN:26,ERC165.supportsInterface
FNDA:0,ERC165.supportsInterface
DA:27,0
FNF:1
FNH:0
LF:2
LH:0
BRF:0
BRH:0
end_of_record
TN:
SF:node_modules/@openzeppelin/contracts/utils/math/Math.sol
DA:19,0
FN:19,Math.max
FNDA:0,Math.max
DA:20,0
DA:26,0
FN:26,Math.min
FNDA:0,Math.min
DA:27,0
DA:34,0
FN:34,Math.average
FNDA:0,Math.average
DA:36,0
DA:45,0
FN:45,Math.ceilDiv
FNDA:0,Math.ceilDiv
DA:47,0
DA:55,0
FN:55,Math.mulDiv.0
FNDA:0,Math.mulDiv.0
DA:60,0
DA:61,0
DA:63,0
DA:64,0
DA:65,0
DA:69,0
BRDA:69,0,0,-
DA:73,0
DA:77,0
BRDA:77,1,0,-
BRDA:77,1,1,-
DA:84,0
DA:87,0
DA:90,0
DA:91,0
DA:98,0
DA:101,0
DA:104,0
DA:107,0
DA:111,0
DA:116,0
DA:120,0
DA:121,0
DA:122,0
DA:123,0
DA:124,0
DA:125,0
DA:131,0
DA:132,0
DA:139,0
FN:139,Math.mulDiv.1
FNDA:0,Math.mulDiv.1
DA:140,0
DA:141,0
BRDA:141,2,0,-
DA:142,0
DA:144,0
DA:152,0
FN:152,Math.sqrt.0
FNDA:0,Math.sqrt.0
DA:153,0
BRDA:153,3,0,-
DA:154,0
DA:167,0
DA:174,0
DA:175,0
DA:176,0
DA:177,0
DA:178,0
DA:179,0
DA:180,0
DA:181,0
DA:188,0
FN:188,Math.sqrt.1
FNDA:0,Math.sqrt.1
DA:190,0
DA:191,0
DA:199,0
FN:199,Math.log2.0
FNDA:0,Math.log2.0
DA:200,0
DA:202,0
BRDA:202,4,0,-
DA:203,0
DA:204,0
DA:206,0
BRDA:206,5,0,-
DA:207,0
DA:208,0
DA:210,0
BRDA:210,6,0,-
DA:211,0
DA:212,0
DA:214,0
BRDA:214,7,0,-
DA:215,0
DA:216,0
DA:218,0
BRDA:218,8,0,-
DA:219,0
DA:220,0
DA:222,0
BRDA:222,9,0,-
DA:223,0
DA:224,0
DA:226,0
BRDA:226,10,0,-
DA:227,0
DA:228,0
DA:230,0
BRDA:230,11,0,-
DA:231,0
DA:234,0
DA:241,0
FN:241,Math.log2.1
FNDA:0,Math.log2.1
DA:243,0
DA:244,0
DA:252,1
FN:252,Math.log10.0
FNDA:1,Math.log10.0
DA:253,1
DA:255,1
BRDA:255,12,0,0
DA:256,0
DA:257,0
DA:259,1
BRDA:259,13,0,0
DA:260,0
DA:261,0
DA:263,1
BRDA:263,14,0,0
DA:264,0
DA:265,0
DA:267,1
BRDA:267,15,0,0
DA:268,0
DA:269,0
DA:271,1
BRDA:271,16,0,0
DA:272,0
DA:273,0
DA:275,1
BRDA:275,17,0,0
DA:276,0
DA:277,0
DA:279,1
BRDA:279,18,0,0
DA:280,0
DA:283,1
DA:290,0
FN:290,Math.log10.1
FNDA:0,Math.log10.1
DA:292,0
DA:293,0
DA:303,0
FN:303,Math.log256.0
FNDA:0,Math.log256.0
DA:304,0
DA:306,0
BRDA:306,19,0,-
DA:307,0
DA:308,0
DA:310,0
BRDA:310,20,0,-
DA:311,0
DA:312,0
DA:314,0
BRDA:314,21,0,-
DA:315,0
DA:316,0
DA:318,0
BRDA:318,22,0,-
DA:319,0
DA:320,0
DA:322,0
BRDA:322,23,0,-
DA:323,0
DA:326,0
DA:333,0
FN:333,Math.log256.1
FNDA:0,Math.log256.1
DA:335,0
DA:336,0
FNF:14
FNH:1
LF:130
LH:10
BRF:25
BRH:0
end_of_record
TN:
SF:node_modules/@openzeppelin/contracts/utils/math/SignedMath.sol
DA:13,0
FN:13,SignedMath.max
FNDA:0,SignedMath.max
DA:14,0
DA:20,0
FN:20,SignedMath.min
FNDA:0,SignedMath.min
DA:21,0
DA:28,0
FN:28,SignedMath.average
FNDA:0,SignedMath.average
DA:30,0
DA:31,0
DA:37,0
FN:37,SignedMath.abs
FNDA:0,SignedMath.abs
DA:40,0
FNF:4
FNH:0
LF:9
LH:0
BRF:0
BRH:0
end_of_record
